<?xml version="1.0" encoding="UTF-8"?>
<!-- Generated by org.testng.reporters.JUnitXMLReporter -->
<testsuite ignored="0" hostname="bhagyak" failures="1" tests="1" name="Assertions Test" time="0.013" errors="0" timestamp="2024-12-22T07:37:46 IST">
  <testcase classname="testngTestcases.Testcase2" name="launchingBrowser" time="0.007">
    <failure type="java.lang.AssertionError" message="expected [facebook.com] but found [gmail.com]">
      <![CDATA[java.lang.AssertionError: expected [facebook.com] but found [gmail.com]
at testngTestcases.Testcase2.launchingBrowser(Testcase2.java:32)
at java.base/java.util.ArrayList.forEach(ArrayList.java:1596)
... Removed 31 stack frames]]>
    </failure>
  </testcase> <!-- launchingBrowser -->
</testsuite> <!-- Assertions Test -->
