<?xml version="1.0" encoding="UTF-8"?>
<!-- Generated by org.testng.reporters.JUnitXMLReporter -->
<testsuite ignored="5" hostname="bhagyak" failures="1" tests="3" name="First Test" time="0.138" errors="0" timestamp="2024-12-21T14:36:50 IST">
  <testcase classname="testngTestcases.GroupsDemo" name="cat" time="0.018"/>
  <testcase classname="testngTestcases.GroupsDemo" name="dog" time="0.002"/>
  <testcase classname="testngTestcases.Testcase2" name="launchingBrowser" time="0.013">
    <failure type="java.lang.AssertionError" message="expected [facebook.com] but found [gmail.com]">
      <![CDATA[java.lang.AssertionError: expected [facebook.com] but found [gmail.com]
at testngTestcases.Testcase2.launchingBrowser(Testcase2.java:32)
at java.base/java.util.ArrayList.forEach(ArrayList.java:1596)
... Removed 31 stack frames]]>
    </failure>
  </testcase> <!-- launchingBrowser -->
  <testcase classname="testngTestcases.Testcase1" name="doLogin" time="0.0">
    <ignored/>
  </testcase> <!-- doLogin -->
  <testcase classname="testngTestcases.GroupsDemo" name="cycle" time="0.0">
    <ignored/>
  </testcase> <!-- cycle -->
  <testcase classname="testngTestcases.GroupsDemo" name="car" time="0.0">
    <ignored/>
  </testcase> <!-- car -->
  <testcase classname="testngTestcases.GroupsDemo" name="bike" time="0.0">
    <ignored/>
  </testcase> <!-- bike -->
  <testcase classname="testngTestcases.Testcase1" name="doUserReg" time="0.0">
    <ignored/>
  </testcase> <!-- doUserReg -->
</testsuite> <!-- First Test -->
