<?xml version="1.0" encoding="UTF-8"?>
<!-- Generated by org.testng.reporters.JUnitXMLReporter -->
<testsuite ignored="0" hostname="bhagyak" failures="0" tests="5" name="Groups Test" time="0.018" errors="0" timestamp="2024-12-22T07:37:46 IST">
  <testcase classname="testngTestcases.GroupsDemo" name="bike" time="0.001"/>
  <testcase classname="testngTestcases.GroupsDemo" name="car" time="0.0"/>
  <testcase classname="testngTestcases.GroupsDemo" name="cat" time="0.002"/>
  <testcase classname="testngTestcases.GroupsDemo" name="cycle" time="0.002"/>
  <testcase classname="testngTestcases.GroupsDemo" name="dog" time="0.002"/>
</testsuite> <!-- Groups Test -->
