<?xml version="1.0" encoding="UTF-8"?>
<!-- Generated by org.testng.reporters.JUnitXMLReporter -->
<testsuite ignored="0" hostname="bhagyak" failures="0" tests="3" name="Default test" time="14.947" errors="0" timestamp="2024-12-22T08:23:19 IST">
  <testcase classname="testngTestcases.FacebookLogin" name="doFbLogin" time="0.256"/>
  <testcase classname="testngTestcases.FacebookLogin" name="doFbLogin" time="0.226"/>
  <testcase classname="testngTestcases.FacebookLogin" name="doFbLogin" time="0.378"/>
</testsuite> <!-- Default test -->
