<?xml version="1.0" encoding="UTF-8"?>
<!-- Generated by org.testng.reporters.JUnitXMLReporter -->
<testsuite ignored="0" hostname="bhagyak" failures="0" tests="3" name="Chrome Test" time="14.936" errors="0" timestamp="2024-12-22T09:07:45 IST">
  <testcase classname="testngTestcases.FacebookLogin" name="doFbLogin" time="0.56"/>
  <testcase classname="testngTestcases.FacebookLogin" name="doFbLogin" time="0.491"/>
  <testcase classname="testngTestcases.FacebookLogin" name="doFbLogin" time="0.524"/>
</testsuite> <!-- Chrome Test -->
