<?xml version="1.0" encoding="UTF-8"?>
<testng-results ignored="0" total="1" passed="1" failed="0" skipped="0">
  <reporter-output>
  </reporter-output>
  <suite started-at="2024-12-10T17:26:26 IST" name="Default suite" finished-at="2024-12-10T17:26:26 IST" duration-ms="60">
    <groups>
    </groups>
    <test started-at="2024-12-10T17:26:26 IST" name="Default test" finished-at="2024-12-10T17:26:26 IST" duration-ms="60">
      <class name="testngTestcases.Testcase1">
        <test-method signature="doLogin()[pri:0, instance:testngTestcases.Testcase1@6c1a5b54]" started-at="2024-12-10T17:26:26 IST" name="doLogin" finished-at="2024-12-10T17:26:26 IST" duration-ms="12" status="PASS">
          <reporter-output>
          </reporter-output>
        </test-method> <!-- doLogin -->
      </class> <!-- testngTestcases.Testcase1 -->
    </test> <!-- Default test -->
  </suite> <!-- Default suite -->
</testng-results>
