<?xml version="1.0" encoding="UTF-8"?>
<testng-results ignored="0" total="3" passed="3" failed="0" skipped="0">
  <reporter-output>
  </reporter-output>
  <suite started-at="2024-12-21T15:03:09 IST" name="Browser Compatibility Suite" finished-at="2024-12-21T15:03:26 IST" duration-ms="16423">
    <groups>
    </groups>
    <test started-at="2024-12-21T15:03:09 IST" name="Chrome Test" finished-at="2024-12-21T15:03:20 IST" duration-ms="10884">
      <class name="testngTestcases.BrowserCompatibility">
        <test-method signature="openBrowser(java.lang.String,java.lang.String)[pri:0, instance:testngTestcases.BrowserCompatibility@2a7f1f10]" started-at="2024-12-21T15:03:09 IST" name="openBrowser" finished-at="2024-12-21T15:03:19 IST" duration-ms="9503" status="PASS">
          <params>
            <param index="0">
              <value>
                <![CDATA[chrome]]>
              </value>
            </param>
            <param index="1">
              <value>
                <![CDATA[https://google.com]]>
              </value>
            </param>
          </params>
          <reporter-output>
          </reporter-output>
        </test-method> <!-- openBrowser -->
        <test-method is-config="true" signature="closeBrowser()[pri:0, instance:testngTestcases.BrowserCompatibility@2a7f1f10]" started-at="2024-12-21T15:03:19 IST" name="closeBrowser" finished-at="2024-12-21T15:03:20 IST" duration-ms="1286" status="PASS">
          <reporter-output>
          </reporter-output>
        </test-method> <!-- closeBrowser -->
      </class> <!-- testngTestcases.BrowserCompatibility -->
    </test> <!-- Chrome Test -->
    <test started-at="2024-12-21T15:03:09 IST" name="Edge Test" finished-at="2024-12-21T15:03:21 IST" duration-ms="11644">
      <class name="testngTestcases.BrowserCompatibility">
        <test-method signature="openBrowser(java.lang.String,java.lang.String)[pri:0, instance:testngTestcases.BrowserCompatibility@303cf2ba]" started-at="2024-12-21T15:03:09 IST" name="openBrowser" finished-at="2024-12-21T15:03:20 IST" duration-ms="10848" status="PASS">
          <params>
            <param index="0">
              <value>
                <![CDATA[edge]]>
              </value>
            </param>
            <param index="1">
              <value>
                <![CDATA[https://google.com]]>
              </value>
            </param>
          </params>
          <reporter-output>
          </reporter-output>
        </test-method> <!-- openBrowser -->
        <test-method is-config="true" signature="closeBrowser()[pri:0, instance:testngTestcases.BrowserCompatibility@303cf2ba]" started-at="2024-12-21T15:03:20 IST" name="closeBrowser" finished-at="2024-12-21T15:03:21 IST" duration-ms="687" status="PASS">
          <reporter-output>
          </reporter-output>
        </test-method> <!-- closeBrowser -->
      </class> <!-- testngTestcases.BrowserCompatibility -->
    </test> <!-- Edge Test -->
    <test started-at="2024-12-21T15:03:09 IST" name="Firefox Test" finished-at="2024-12-21T15:03:26 IST" duration-ms="16423">
      <class name="testngTestcases.BrowserCompatibility">
        <test-method signature="openBrowser(java.lang.String,java.lang.String)[pri:0, instance:testngTestcases.BrowserCompatibility@247310d0]" started-at="2024-12-21T15:03:09 IST" name="openBrowser" finished-at="2024-12-21T15:03:24 IST" duration-ms="14291" status="PASS">
          <params>
            <param index="0">
              <value>
                <![CDATA[firefox]]>
              </value>
            </param>
            <param index="1">
              <value>
                <![CDATA[https://google.com]]>
              </value>
            </param>
          </params>
          <reporter-output>
          </reporter-output>
        </test-method> <!-- openBrowser -->
        <test-method is-config="true" signature="closeBrowser()[pri:0, instance:testngTestcases.BrowserCompatibility@247310d0]" started-at="2024-12-21T15:03:24 IST" name="closeBrowser" finished-at="2024-12-21T15:03:26 IST" duration-ms="2048" status="PASS">
          <reporter-output>
          </reporter-output>
        </test-method> <!-- closeBrowser -->
      </class> <!-- testngTestcases.BrowserCompatibility -->
    </test> <!-- Firefox Test -->
  </suite> <!-- Browser Compatibility Suite -->
</testng-results>
